<?xml version="1.0" encoding="UTF-8"?>
<testng-results ignored="0" total="1" passed="1" failed="0" skipped="0">
  <reporter-output>
  </reporter-output>
  <suite started-at="2020-04-16T17:20:49Z" name="Suite" finished-at="2020-04-16T17:21:06Z" duration-ms="16810">
    <groups>
    </groups>
    <test started-at="2020-04-16T17:20:49Z" name="Test" finished-at="2020-04-16T17:21:06Z" duration-ms="16810">
      <class name="testcase.Flipkart">
        <test-method signature="execute()[pri:0, instance:testcase.Flipkart@484970b0]" started-at="2020-04-16T17:20:49Z" name="execute" finished-at="2020-04-16T17:21:06Z" duration-ms="16789" status="PASS">
          <reporter-output>
          </reporter-output>
        </test-method> <!-- execute -->
      </class> <!-- testcase.Flipkart -->
    </test> <!-- Test -->
  </suite> <!-- Suite -->
</testng-results>
