<?xml version="1.0" encoding="UTF-8"?>
<testng-results ignored="0" total="1" passed="1" failed="0" skipped="0">
  <reporter-output>
  </reporter-output>
  <suite started-at="2020-05-03T12:59:01 IST" name="Default suite" finished-at="2020-05-03T12:59:12 IST" duration-ms="10840">
    <groups>
    </groups>
    <test started-at="2020-05-03T12:59:01 IST" name="Default test" finished-at="2020-05-03T12:59:12 IST" duration-ms="10840">
      <class name="testcase.Flipkart">
        <test-method signature="execute()[pri:0, instance:testcase.Flipkart@1e802ef9]" started-at="2020-05-03T12:59:01 IST" name="execute" finished-at="2020-05-03T12:59:12 IST" duration-ms="10769" status="PASS">
          <reporter-output>
          </reporter-output>
        </test-method> <!-- execute -->
      </class> <!-- testcase.Flipkart -->
    </test> <!-- Default test -->
  </suite> <!-- Default suite -->
</testng-results>
